<?xml version="1.0" encoding="UTF-8"?>
<!-- Generated by org.testng.reporters.JUnitXMLReporter -->
<testsuite hostname="DESKTOP-GBMD9S2" ignored="0" name="Test" tests="20" failures="1" timestamp="2021-02-03T02:54:37 EST" time="296.542" errors="0">
  <testcase name="getLinksNameByTag" time="11.195" classname="testNG_Allure_Reports.TagConcepts"/>
  <testcase name="moveHoverToElement" time="17.733" classname="testNG_Allure_Reports.MoveHover"/>
  <testcase name="lunchFirefoxUsingSystemSP" time="8.165" classname="testNG_Allure_Reports.LunchBrowser"/>
  <testcase name="usingLOOP" time="0.011" classname="testNG_Allure_Reports.Multiplication"/>
  <testcase name="selectMultipleCheckbox" time="13.911" classname="testNG_Allure_Reports.MultiSelection"/>
  <testcase name="getWindowsHandles" time="17.113" classname="testNG_Allure_Reports.WindowsHandles"/>
  <testcase name="headlessrowserTest" time="8.011" classname="testNG_Allure_Reports.HeadLessBrowserConcepts"/>
  <testcase name="login" time="16.068" classname="testNG_Allure_Reports.NewTours"/>
  <testcase name="verifyGoogle" time="79.266" classname="testNG_Allure_Reports.GoogleTest"/>
  <testcase name="contextMenu" time="13.8" classname="testNG_Allure_Reports.RightClickMe"/>
  <testcase name="frameConcepts" time="8.581" classname="testNG_Allure_Reports.Frame"/>
  <testcase name="verifyFacebookTitle" time="14.007" classname="testNG_Allure_Reports.VeryfiyFcaebook"/>
  <testcase name="verifyFacebookURL" time="11.18" classname="testNG_Allure_Reports.VeryfiyFcaebook"/>
  <testcase name="bookOneWayTicket" time="13.005" classname="testNG_Allure_Reports.FlightBooking"/>
  <testcase name="verifyAlllinks" time="17.179" classname="testNG_Allure_Reports.PhpTravals"/>
  <testcase name="dragAndDropAction" time="5.891" classname="testNG_Allure_Reports.DragAndDrop"/>
  <testcase name="gLogin" time="10.519" classname="testNG_Allure_Reports.Gmail_Login">
    <failure type="org.openqa.selenium.NoSuchElementException" message="no such element: Unable to locate element: {&amp;quot;method&amp;quot;:&amp;quot;xpath&amp;quot;,&amp;quot;selector&amp;quot;:&amp;quot;//input[@type=&amp;apos;password&amp;apos;]&amp;quot;}
  (Session info: chrome=88.0.4324.104)
For documentation on this error, please visit: https://www.seleniumhq.org/exceptions/no_such_element.html
Build info: version: &amp;apos;3.141.59&amp;apos;, revision: &amp;apos;e82be7d358&amp;apos;, time: &amp;apos;2018-11-14T08:25:48&amp;apos;
System info: host: &amp;apos;DESKTOP-GBMD9S2&amp;apos;, ip: &amp;apos;192.168.1.99&amp;apos;, os.name: &amp;apos;Windows 10&amp;apos;, os.arch: &amp;apos;amd64&amp;apos;, os.version: &amp;apos;10.0&amp;apos;, java.version: &amp;apos;1.8.0_241&amp;apos;
Driver info: org.openqa.selenium.chrome.ChromeDriver
Capabilities {acceptInsecureCerts: false, browserName: chrome, browserVersion: 88.0.4324.104, chrome: {chromedriverVersion: 88.0.4324.96 (68dba2d8a0b14..., userDataDir: C:\Users\zohir\AppData\Loca...}, goog:chromeOptions: {debuggerAddress: localhost:56231}, javascriptEnabled: true, networkConnectionEnabled: false, pageLoadStrategy: normal, platform: WINDOWS, platformName: WINDOWS, proxy: Proxy(), setWindowRect: true, strictFileInteractability: false, timeouts: {implicit: 0, pageLoad: 300000, script: 30000}, unhandledPromptBehavior: dismiss and notify, webauthn:extension:largeBlob: true, webauthn:virtualAuthenticators: true}
Session ID: c480ee682f6b933ec63a8c1f5fe4ccd4
*** Element info: {Using=xpath, value=//input[@type=&amp;apos;password&amp;apos;]}">
      <![CDATA[org.openqa.selenium.NoSuchElementException: no such element: Unable to locate element: {"method":"xpath","selector":"//input[@type='password']"}
  (Session info: chrome=88.0.4324.104)
For documentation on this error, please visit: https://www.seleniumhq.org/exceptions/no_such_element.html
Build info: version: '3.141.59', revision: 'e82be7d358', time: '2018-11-14T08:25:48'
System info: host: 'DESKTOP-GBMD9S2', ip: '192.168.1.99', os.name: 'Windows 10', os.arch: 'amd64', os.version: '10.0', java.version: '1.8.0_241'
Driver info: org.openqa.selenium.chrome.ChromeDriver
Capabilities {acceptInsecureCerts: false, browserName: chrome, browserVersion: 88.0.4324.104, chrome: {chromedriverVersion: 88.0.4324.96 (68dba2d8a0b14..., userDataDir: C:\Users\zohir\AppData\Loca...}, goog:chromeOptions: {debuggerAddress: localhost:56231}, javascriptEnabled: true, networkConnectionEnabled: false, pageLoadStrategy: normal, platform: WINDOWS, platformName: WINDOWS, proxy: Proxy(), setWindowRect: true, strictFileInteractability: false, timeouts: {implicit: 0, pageLoad: 300000, script: 30000}, unhandledPromptBehavior: dismiss and notify, webauthn:extension:largeBlob: true, webauthn:virtualAuthenticators: true}
Session ID: c480ee682f6b933ec63a8c1f5fe4ccd4
*** Element info: {Using=xpath, value=//input[@type='password']}
at org.openqa.selenium.remote.http.W3CHttpResponseCodec.createException(W3CHttpResponseCodec.java:187)
at org.openqa.selenium.remote.http.W3CHttpResponseCodec.decode(W3CHttpResponseCodec.java:122)
at org.openqa.selenium.remote.http.W3CHttpResponseCodec.decode(W3CHttpResponseCodec.java:49)
at org.openqa.selenium.remote.HttpCommandExecutor.execute(HttpCommandExecutor.java:158)
at org.openqa.selenium.remote.service.DriverCommandExecutor.execute(DriverCommandExecutor.java:83)
at org.openqa.selenium.remote.RemoteWebDriver.execute(RemoteWebDriver.java:552)
at org.openqa.selenium.remote.RemoteWebDriver.findElement(RemoteWebDriver.java:323)
at org.openqa.selenium.remote.RemoteWebDriver.findElementByXPath(RemoteWebDriver.java:428)
at org.openqa.selenium.By$ByXPath.findElement(By.java:353)
at org.openqa.selenium.remote.RemoteWebDriver.findElement(RemoteWebDriver.java:315)
at testNG_Allure_Reports.Gmail_Login.getElement(Gmail_Login.java:46)
at testNG_Allure_Reports.Gmail_Login.gLogin(Gmail_Login.java:34)
at java.util.ArrayList.forEach(Unknown Source)
... Removed 31 stack frames]]>
    </failure>
  </testcase> <!-- gLogin -->
  <testcase name="validateTitle" time="8.903" classname="testNG_Allure_Reports.AllureReporting"/>
  <testcase name="navigationForwardAndBackword" time="12.228" classname="testNG_Allure_Reports.NavigationConcepts"/>
  <testcase name="registration" time="9.449" classname="testNG_Allure_Reports.Facebook_Registartion"/>
</testsuite> <!-- Test -->
