<html>
<head>
<title>TestNG:  Test</title>
<link href="../testng.css" rel="stylesheet" type="text/css" />
<link href="../my-testng.css" rel="stylesheet" type="text/css" />

<style type="text/css">
.log { display: none;} 
.stack-trace { display: none;} 
</style>
<script type="text/javascript">
<!--
function flip(e) {
  current = e.style.display;
  if (current == 'block') {
    e.style.display = 'none';
    return 0;
  }
  else {
    e.style.display = 'block';
    return 1;
  }
}

function toggleBox(szDivId, elem, msg1, msg2)
{
  var res = -1;  if (document.getElementById) {
    res = flip(document.getElementById(szDivId));
  }
  else if (document.all) {
    // this is the way old msie versions work
    res = flip(document.all[szDivId]);
  }
  if(elem) {
    if(res == 0) elem.innerHTML = msg1; else elem.innerHTML = msg2;
  }

}

function toggleAllBoxes() {
  if (document.getElementsByTagName) {
    d = document.getElementsByTagName('div');
    for (i = 0; i < d.length; i++) {
      if (d[i].className == 'log') {
        flip(d[i]);
      }
    }
  }
}

// -->
</script>

</head>
<body>
<h2 align='center'>Test</h2><table border='1' align="center">
<tr>
<td>Tests passed/Failed/Skipped:</td><td>19/1/0</td>
</tr><tr>
<td>Started on:</td><td>Wed Feb 03 02:49:40 EST 2021</td>
</tr>
<tr><td>Total time:</td><td>296 seconds (296542 ms)</td>
</tr><tr>
<td>Included groups:</td><td></td>
</tr><tr>
<td>Excluded groups:</td><td></td>
</tr>
</table><p/>
<small><i>(Hover the method name to see the test class name)</i></small><p/>
<table width='100%' border='1' class='invocation-failed'>
<tr><td colspan='4' align='center'><b>FAILED TESTS</b></td></tr>
<tr><td><b>Test method</b></td>
<td width="30%"><b>Exception</b></td>
<td width="10%"><b>Time (seconds)</b></td>
<td><b>Instance</b></td>
</tr>
<tr>
<td title='testNG_Allure_Reports.Gmail_Login.gLogin()'><b>gLogin</b><br>Test class: testNG_Allure_Reports.Gmail_Login</td>
<td><div><pre>org.openqa.selenium.NoSuchElementException: no such element: Unable to locate element: {&quot;method&quot;:&quot;xpath&quot;,&quot;selector&quot;:&quot;//input[@type=&apos;password&apos;]&quot;}
  (Session info: chrome=88.0.4324.104)
For documentation on this error, please visit: https://www.seleniumhq.org/exceptions/no_such_element.html
Build info: version: &apos;3.141.59&apos;, revision: &apos;e82be7d358&apos;, time: &apos;2018-11-14T08:25:48&apos;
System info: host: &apos;DESKTOP-GBMD9S2&apos;, ip: &apos;192.168.1.99&apos;, os.name: &apos;Windows 10&apos;, os.arch: &apos;amd64&apos;, os.version: &apos;10.0&apos;, java.version: &apos;1.8.0_241&apos;
Driver info: org.openqa.selenium.chrome.ChromeDriver
Capabilities {acceptInsecureCerts: false, browserName: chrome, browserVersion: 88.0.4324.104, chrome: {chromedriverVersion: 88.0.4324.96 (68dba2d8a0b14..., userDataDir: C:\Users\zohir\AppData\Loca...}, goog:chromeOptions: {debuggerAddress: localhost:56231}, javascriptEnabled: true, networkConnectionEnabled: false, pageLoadStrategy: normal, platform: WINDOWS, platformName: WINDOWS, proxy: Proxy(), setWindowRect: true, strictFileInteractability: false, timeouts: {implicit: 0, pageLoad: 300000, script: 30000}, unhandledPromptBehavior: dismiss and notify, webauthn:extension:largeBlob: true, webauthn:virtualAuthenticators: true}
Session ID: c480ee682f6b933ec63a8c1f5fe4ccd4
*** Element info: {Using=xpath, value=//input[@type=&apos;password&apos;]}
	at org.openqa.selenium.remote.http.W3CHttpResponseCodec.createException(W3CHttpResponseCodec.java:187)
	at org.openqa.selenium.remote.http.W3CHttpResponseCodec.decode(W3CHttpResponseCodec.java:122)
	at org.openqa.selenium.remote.http.W3CHttpResponseCodec.decode(W3CHttpResponseCodec.java:49)
	at org.openqa.selenium.remote.HttpCommandExecutor.execute(HttpCommandExecutor.java:158)
	at org.openqa.selenium.remote.service.DriverCommandExecutor.execute(DriverCommandExecutor.java:83)
	at org.openqa.selenium.remote.RemoteWebDriver.execute(RemoteWebDriver.java:552)
	at org.openqa.selenium.remote.RemoteWebDriver.findElement(RemoteWebDriver.java:323)
	at org.openqa.selenium.remote.RemoteWebDriver.findElementByXPath(RemoteWebDriver.java:428)
	at org.openqa.selenium.By$ByXPath.findElement(By.java:353)
	at org.openqa.selenium.remote.RemoteWebDriver.findElement(RemoteWebDriver.java:315)
	at testNG_Allure_Reports.Gmail_Login.getElement(Gmail_Login.java:46)
	at testNG_Allure_Reports.Gmail_Login.gLogin(Gmail_Login.java:34)
	at java.util.ArrayList.forEach(Unknown Source)
... Removed 31 stack frames</pre></div><a href='#' onClick='toggleBox("stack-trace746436902", this, "Click to show all stack frames", "Click to hide stack frames")'>Click to show all stack frames</a>
<div class='stack-trace' id='stack-trace746436902'><pre>org.openqa.selenium.NoSuchElementException: no such element: Unable to locate element: {&quot;method&quot;:&quot;xpath&quot;,&quot;selector&quot;:&quot;//input[@type=&apos;password&apos;]&quot;}
  (Session info: chrome=88.0.4324.104)
For documentation on this error, please visit: https://www.seleniumhq.org/exceptions/no_such_element.html
Build info: version: &apos;3.141.59&apos;, revision: &apos;e82be7d358&apos;, time: &apos;2018-11-14T08:25:48&apos;
System info: host: &apos;DESKTOP-GBMD9S2&apos;, ip: &apos;192.168.1.99&apos;, os.name: &apos;Windows 10&apos;, os.arch: &apos;amd64&apos;, os.version: &apos;10.0&apos;, java.version: &apos;1.8.0_241&apos;
Driver info: org.openqa.selenium.chrome.ChromeDriver
Capabilities {acceptInsecureCerts: false, browserName: chrome, browserVersion: 88.0.4324.104, chrome: {chromedriverVersion: 88.0.4324.96 (68dba2d8a0b14..., userDataDir: C:\Users\zohir\AppData\Loca...}, goog:chromeOptions: {debuggerAddress: localhost:56231}, javascriptEnabled: true, networkConnectionEnabled: false, pageLoadStrategy: normal, platform: WINDOWS, platformName: WINDOWS, proxy: Proxy(), setWindowRect: true, strictFileInteractability: false, timeouts: {implicit: 0, pageLoad: 300000, script: 30000}, unhandledPromptBehavior: dismiss and notify, webauthn:extension:largeBlob: true, webauthn:virtualAuthenticators: true}
Session ID: c480ee682f6b933ec63a8c1f5fe4ccd4
*** Element info: {Using=xpath, value=//input[@type=&apos;password&apos;]}
	at sun.reflect.NativeConstructorAccessorImpl.newInstance0(Native Method)
	at sun.reflect.NativeConstructorAccessorImpl.newInstance(Unknown Source)
	at sun.reflect.DelegatingConstructorAccessorImpl.newInstance(Unknown Source)
	at java.lang.reflect.Constructor.newInstance(Unknown Source)
	at org.openqa.selenium.remote.http.W3CHttpResponseCodec.createException(W3CHttpResponseCodec.java:187)
	at org.openqa.selenium.remote.http.W3CHttpResponseCodec.decode(W3CHttpResponseCodec.java:122)
	at org.openqa.selenium.remote.http.W3CHttpResponseCodec.decode(W3CHttpResponseCodec.java:49)
	at org.openqa.selenium.remote.HttpCommandExecutor.execute(HttpCommandExecutor.java:158)
	at org.openqa.selenium.remote.service.DriverCommandExecutor.execute(DriverCommandExecutor.java:83)
	at org.openqa.selenium.remote.RemoteWebDriver.execute(RemoteWebDriver.java:552)
	at org.openqa.selenium.remote.RemoteWebDriver.findElement(RemoteWebDriver.java:323)
	at org.openqa.selenium.remote.RemoteWebDriver.findElementByXPath(RemoteWebDriver.java:428)
	at org.openqa.selenium.By$ByXPath.findElement(By.java:353)
	at org.openqa.selenium.remote.RemoteWebDriver.findElement(RemoteWebDriver.java:315)
	at testNG_Allure_Reports.Gmail_Login.getElement(Gmail_Login.java:46)
	at testNG_Allure_Reports.Gmail_Login.gLogin(Gmail_Login.java:34)
	at sun.reflect.NativeMethodAccessorImpl.invoke0(Native Method)
	at sun.reflect.NativeMethodAccessorImpl.invoke(Unknown Source)
	at sun.reflect.DelegatingMethodAccessorImpl.invoke(Unknown Source)
	at java.lang.reflect.Method.invoke(Unknown Source)
	at org.testng.internal.MethodInvocationHelper.invokeMethod(MethodInvocationHelper.java:132)
	at org.testng.internal.TestInvoker.invokeMethod(TestInvoker.java:599)
	at org.testng.internal.TestInvoker.invokeTestMethod(TestInvoker.java:174)
	at org.testng.internal.MethodRunner.runInSequence(MethodRunner.java:46)
	at org.testng.internal.TestInvoker$MethodInvocationAgent.invoke(TestInvoker.java:822)
	at org.testng.internal.TestInvoker.invokeTestMethods(TestInvoker.java:147)
	at org.testng.internal.TestMethodWorker.invokeTestMethods(TestMethodWorker.java:146)
	at org.testng.internal.TestMethodWorker.run(TestMethodWorker.java:128)
	at java.util.ArrayList.forEach(Unknown Source)
	at org.testng.TestRunner.privateRun(TestRunner.java:764)
	at org.testng.TestRunner.run(TestRunner.java:585)
	at org.testng.SuiteRunner.runTest(SuiteRunner.java:384)
	at org.testng.SuiteRunner.runSequentially(SuiteRunner.java:378)
	at org.testng.SuiteRunner.privateRun(SuiteRunner.java:337)
	at org.testng.SuiteRunner.run(SuiteRunner.java:286)
	at org.testng.SuiteRunnerWorker.runSuite(SuiteRunnerWorker.java:53)
	at org.testng.SuiteRunnerWorker.run(SuiteRunnerWorker.java:96)
	at org.testng.TestNG.runSuitesSequentially(TestNG.java:1218)
	at org.testng.TestNG.runSuitesLocally(TestNG.java:1140)
	at org.testng.TestNG.runSuites(TestNG.java:1069)
	at org.testng.TestNG.run(TestNG.java:1037)
	at org.testng.remote.AbstractRemoteTestNG.run(AbstractRemoteTestNG.java:115)
	at org.testng.remote.RemoteTestNG.initAndRun(RemoteTestNG.java:251)
	at org.testng.remote.RemoteTestNG.main(RemoteTestNG.java:77)
</pre></div></td>
<td>10</td>
<td>testNG_Allure_Reports.Gmail_Login@48e4374</td></tr>
</table><p>
<table width='100%' border='1' class='invocation-passed'>
<tr><td colspan='4' align='center'><b>PASSED TESTS</b></td></tr>
<tr><td><b>Test method</b></td>
<td width="30%"><b>Exception</b></td>
<td width="10%"><b>Time (seconds)</b></td>
<td><b>Instance</b></td>
</tr>
<tr>
<td title='testNG_Allure_Reports.FlightBooking.bookOneWayTicket()'><b>bookOneWayTicket</b><br>Test class: testNG_Allure_Reports.FlightBooking</td>
<td></td>
<td>13</td>
<td>testNG_Allure_Reports.FlightBooking@be64738</td></tr>
<tr>
<td title='testNG_Allure_Reports.RightClickMe.contextMenu()'><b>contextMenu</b><br>Test class: testNG_Allure_Reports.RightClickMe</td>
<td></td>
<td>13</td>
<td>testNG_Allure_Reports.RightClickMe@4c9f8c13</td></tr>
<tr>
<td title='testNG_Allure_Reports.DragAndDrop.dragAndDropAction()'><b>dragAndDropAction</b><br>Test class: testNG_Allure_Reports.DragAndDrop</td>
<td></td>
<td>5</td>
<td>testNG_Allure_Reports.DragAndDrop@49d904ec</td></tr>
<tr>
<td title='testNG_Allure_Reports.Frame.frameConcepts()'><b>frameConcepts</b><br>Test class: testNG_Allure_Reports.Frame</td>
<td></td>
<td>8</td>
<td>testNG_Allure_Reports.Frame@5ae50ce6</td></tr>
<tr>
<td title='testNG_Allure_Reports.TagConcepts.getLinksNameByTag()'><b>getLinksNameByTag</b><br>Test class: testNG_Allure_Reports.TagConcepts</td>
<td></td>
<td>11</td>
<td>testNG_Allure_Reports.TagConcepts@22a637e7</td></tr>
<tr>
<td title='testNG_Allure_Reports.WindowsHandles.getWindowsHandles()'><b>getWindowsHandles</b><br>Test class: testNG_Allure_Reports.WindowsHandles</td>
<td></td>
<td>17</td>
<td>testNG_Allure_Reports.WindowsHandles@2473d930</td></tr>
<tr>
<td title='testNG_Allure_Reports.HeadLessBrowserConcepts.headlessrowserTest()'><b>headlessrowserTest</b><br>Test class: testNG_Allure_Reports.HeadLessBrowserConcepts</td>
<td></td>
<td>8</td>
<td>testNG_Allure_Reports.HeadLessBrowserConcepts@35047d03</td></tr>
<tr>
<td title='testNG_Allure_Reports.NewTours.login()'><b>login</b><br>Test class: testNG_Allure_Reports.NewTours</td>
<td></td>
<td>16</td>
<td>testNG_Allure_Reports.NewTours@49b0b76</td></tr>
<tr>
<td title='testNG_Allure_Reports.LunchBrowser.lunchFirefoxUsingSystemSP()'><b>lunchFirefoxUsingSystemSP</b><br>Test class: testNG_Allure_Reports.LunchBrowser</td>
<td></td>
<td>8</td>
<td>testNG_Allure_Reports.LunchBrowser@1d119efb</td></tr>
<tr>
<td title='testNG_Allure_Reports.MoveHover.moveHoverToElement()'><b>moveHoverToElement</b><br>Test class: testNG_Allure_Reports.MoveHover</td>
<td></td>
<td>17</td>
<td>testNG_Allure_Reports.MoveHover@6fe7aac8</td></tr>
<tr>
<td title='testNG_Allure_Reports.NavigationConcepts.navigationForwardAndBackword()'><b>navigationForwardAndBackword</b><br>Test class: testNG_Allure_Reports.NavigationConcepts</td>
<td></td>
<td>12</td>
<td>testNG_Allure_Reports.NavigationConcepts@4b5d6a01</td></tr>
<tr>
<td title='testNG_Allure_Reports.Facebook_Registartion.registration()'><b>registration</b><br>Test class: testNG_Allure_Reports.Facebook_Registartion</td>
<td></td>
<td>9</td>
<td>testNG_Allure_Reports.Facebook_Registartion@4a22f9e2</td></tr>
<tr>
<td title='testNG_Allure_Reports.MultiSelection.selectMultipleCheckbox()'><b>selectMultipleCheckbox</b><br>Test class: testNG_Allure_Reports.MultiSelection</td>
<td></td>
<td>13</td>
<td>testNG_Allure_Reports.MultiSelection@76908cc0</td></tr>
<tr>
<td title='testNG_Allure_Reports.Multiplication.usingLOOP()'><b>usingLOOP</b><br>Test class: testNG_Allure_Reports.Multiplication</td>
<td></td>
<td>0</td>
<td>testNG_Allure_Reports.Multiplication@659a969b</td></tr>
<tr>
<td title='testNG_Allure_Reports.AllureReporting.validateTitle()'><b>validateTitle</b><br>Test class: testNG_Allure_Reports.AllureReporting</td>
<td></td>
<td>8</td>
<td>testNG_Allure_Reports.AllureReporting@3d680b5a</td></tr>
<tr>
<td title='testNG_Allure_Reports.PhpTravals.verifyAlllinks()'><b>verifyAlllinks</b><br>Test class: testNG_Allure_Reports.PhpTravals</td>
<td></td>
<td>17</td>
<td>testNG_Allure_Reports.PhpTravals@3ba9ad43</td></tr>
<tr>
<td title='testNG_Allure_Reports.VeryfiyFcaebook.verifyFacebookTitle()'><b>verifyFacebookTitle</b><br>Test class: testNG_Allure_Reports.VeryfiyFcaebook</td>
<td></td>
<td>14</td>
<td>testNG_Allure_Reports.VeryfiyFcaebook@6f96c77</td></tr>
<tr>
<td title='testNG_Allure_Reports.VeryfiyFcaebook.verifyFacebookURL()'><b>verifyFacebookURL</b><br>Test class: testNG_Allure_Reports.VeryfiyFcaebook</td>
<td></td>
<td>11</td>
<td>testNG_Allure_Reports.VeryfiyFcaebook@6f96c77</td></tr>
<tr>
<td title='testNG_Allure_Reports.GoogleTest.verifyGoogle()'><b>verifyGoogle</b><br>Test class: testNG_Allure_Reports.GoogleTest</td>
<td></td>
<td>79</td>
<td>testNG_Allure_Reports.GoogleTest@769f71a9</td></tr>
</table><p>
</body>
</html>